<?xml version="1.0" encoding="UTF-8"?>
<!-- Generated by org.testng.reporters.JUnitXMLReporter -->
<testsuite hostname="LAPTOP-L4ML7MMC" tests="34" failures="0" timestamp="10 Nov 2016 13:47:04 GMT" time="0.889" errors="0">
  <testcase name="testAdd1 on testAdd1(SimpleFunctionsTest)" time="0.078" classname="SimpleFunctionsTest"/>
  <testcase name="testAdd2 on testAdd2(SimpleFunctionsTest)" time="0.081" classname="SimpleFunctionsTest"/>
  <testcase name="testAdd3 on testAdd3(SimpleFunctionsTest)" time="0.001" classname="SimpleFunctionsTest"/>
  <testcase name="testDivIntFail on testDivIntFail(SimpleFunctionsTest)" time="0.0" classname="SimpleFunctionsTest"/>
  <testcase name="testMultiply1 on testMultiply1(SimpleFunctionsTest)" time="0.055" classname="SimpleFunctionsTest"/>
  <testcase name="testMultiply2 on testMultiply2(SimpleFunctionsTest)" time="0.033" classname="SimpleFunctionsTest"/>
  <testcase name="testMultiply3 on testMultiply3(SimpleFunctionsTest)" time="0.001" classname="SimpleFunctionsTest"/>
  <testcase name="testDivIntByZero on testDivIntByZero(SimpleFunctionsTest)" time="0.0" classname="SimpleFunctionsTest"/>
  <testcase name="testDivRealByZero on testDivRealByZero(SimpleFunctionsTest)" time="0.0" classname="SimpleFunctionsTest"/>
  <testcase name="testSubtract1 on testSubtract1(SimpleFunctionsTest)" time="0.037" classname="SimpleFunctionsTest"/>
  <testcase name="testSubtract2 on testSubtract2(SimpleFunctionsTest)" time="0.033" classname="SimpleFunctionsTest"/>
  <testcase name="testSubtract3 on testSubtract3(SimpleFunctionsTest)" time="0.0" classname="SimpleFunctionsTest"/>
  <testcase name="testDivRealPass on testDivRealPass(SimpleFunctionsTest)" time="0.001" classname="SimpleFunctionsTest"/>
  <testcase name="testExp on testExp(AdvanceFunctionsTest)" time="0.057" classname="AdvanceFunctionsTest"/>
  <testcase name="testPow on testPow(AdvanceFunctionsTest)" time="0.041" classname="AdvanceFunctionsTest"/>
  <testcase name="testCos1 on testCos1(AdvanceFunctionsTest)" time="0.02" classname="AdvanceFunctionsTest"/>
  <testcase name="testCos2 on testCos2(AdvanceFunctionsTest)" time="0.018" classname="AdvanceFunctionsTest"/>
  <testcase name="testCos3 on testCos3(AdvanceFunctionsTest)" time="0.001" classname="AdvanceFunctionsTest"/>
  <testcase name="testExp1 on testExp1(AdvanceFunctionsTest)" time="0.029" classname="AdvanceFunctionsTest"/>
  <testcase name="testExp2 on testExp2(AdvanceFunctionsTest)" time="0.0" classname="AdvanceFunctionsTest"/>
  <testcase name="testLog1 on testLog1(AdvanceFunctionsTest)" time="0.024" classname="AdvanceFunctionsTest"/>
  <testcase name="testLog2 on testLog2(AdvanceFunctionsTest)" time="0.017" classname="AdvanceFunctionsTest"/>
  <testcase name="testLog3 on testLog3(AdvanceFunctionsTest)" time="0.001" classname="AdvanceFunctionsTest"/>
  <testcase name="testPow2 on testPow2(AdvanceFunctionsTest)" time="0.014" classname="AdvanceFunctionsTest"/>
  <testcase name="testPow3 on testPow3(AdvanceFunctionsTest)" time="0.017" classname="AdvanceFunctionsTest"/>
  <testcase name="testSin1 on testSin1(AdvanceFunctionsTest)" time="0.009" classname="AdvanceFunctionsTest"/>
  <testcase name="testSin2 on testSin2(AdvanceFunctionsTest)" time="0.009" classname="AdvanceFunctionsTest"/>
  <testcase name="testSin3 on testSin3(AdvanceFunctionsTest)" time="0.0" classname="AdvanceFunctionsTest"/>
  <testcase name="testTan1 on testTan1(AdvanceFunctionsTest)" time="0.031" classname="AdvanceFunctionsTest"/>
  <testcase name="testTan2 on testTan2(AdvanceFunctionsTest)" time="0.009" classname="AdvanceFunctionsTest"/>
  <testcase name="testTan3 on testTan3(AdvanceFunctionsTest)" time="0.001" classname="AdvanceFunctionsTest"/>
  <testcase name="testSquareRoot1 on testSquareRoot1(AdvanceFunctionsTest)" time="0.009" classname="AdvanceFunctionsTest"/>
  <testcase name="testSquareRoot2 on testSquareRoot2(AdvanceFunctionsTest)" time="0.006" classname="AdvanceFunctionsTest"/>
  <testcase name="testSquareRoot3 on testSquareRoot3(AdvanceFunctionsTest)" time="0.001" classname="AdvanceFunctionsTest"/>
</testsuite>
