<?xml version="1.0" encoding="UTF-8"?>
<testsuite name="TestSuite" time="0.635" tests="34" errors="0" skipped="0" failures="0">
  <properties>
[...]
</properties>
  <testcase name="testAdd1 on testAdd1(SimpleFunctionsTest)" classname="SimpleFunctionsTest" time="0.082"/>
  <testcase name="testAdd2 on testAdd2(SimpleFunctionsTest)" classname="SimpleFunctionsTest" time="0.086"/>
  <testcase name="testAdd3 on testAdd3(SimpleFunctionsTest)" classname="SimpleFunctionsTest" time="0"/>
  <testcase name="testDivIntFail on testDivIntFail(SimpleFunctionsTest)" classname="SimpleFunctionsTest" time="0"/>
  <testcase name="testMultiply1 on testMultiply1(SimpleFunctionsTest)" classname="SimpleFunctionsTest" time="0.041"/>
  <testcase name="testMultiply2 on testMultiply2(SimpleFunctionsTest)" classname="SimpleFunctionsTest" time="0.034"/>
  <testcase name="testMultiply3 on testMultiply3(SimpleFunctionsTest)" classname="SimpleFunctionsTest" time="0.001"/>
  <testcase name="testDivIntByZero on testDivIntByZero(SimpleFunctionsTest)" classname="SimpleFunctionsTest" time="0"/>
  <testcase name="testDivRealByZero on testDivRealByZero(SimpleFunctionsTest)" classname="SimpleFunctionsTest" time="0"/>
  <testcase name="testSubtract1 on testSubtract1(SimpleFunctionsTest)" classname="SimpleFunctionsTest" time="0.037"/>
  <testcase name="testSubtract2 on testSubtract2(SimpleFunctionsTest)" classname="SimpleFunctionsTest" time="0.038"/>
  <testcase name="testSubtract3 on testSubtract3(SimpleFunctionsTest)" classname="SimpleFunctionsTest" time="0"/>
  <testcase name="testDivRealPass on testDivRealPass(SimpleFunctionsTest)" classname="SimpleFunctionsTest" time="0.001"/>
  <testcase name="testExp on testExp(AdvanceFunctionsTest)" classname="AdvanceFunctionsTest" time="0.056"/>
  <testcase name="testPow on testPow(AdvanceFunctionsTest)" classname="AdvanceFunctionsTest" time="0.042"/>
  <testcase name="testCos1 on testCos1(AdvanceFunctionsTest)" classname="AdvanceFunctionsTest" time="0.019"/>
  <testcase name="testCos2 on testCos2(AdvanceFunctionsTest)" classname="AdvanceFunctionsTest" time="0.019"/>
  <testcase name="testCos3 on testCos3(AdvanceFunctionsTest)" classname="AdvanceFunctionsTest" time="0.001"/>
  <testcase name="testExp1 on testExp1(AdvanceFunctionsTest)" classname="AdvanceFunctionsTest" time="0.029"/>
  <testcase name="testExp2 on testExp2(AdvanceFunctionsTest)" classname="AdvanceFunctionsTest" time="0"/>
  <testcase name="testLog1 on testLog1(AdvanceFunctionsTest)" classname="AdvanceFunctionsTest" time="0.023"/>
  <testcase name="testLog2 on testLog2(AdvanceFunctionsTest)" classname="AdvanceFunctionsTest" time="0.016"/>
  <testcase name="testLog3 on testLog3(AdvanceFunctionsTest)" classname="AdvanceFunctionsTest" time="0.001"/>
  <testcase name="testPow2 on testPow2(AdvanceFunctionsTest)" classname="AdvanceFunctionsTest" time="0.014"/>
  <testcase name="testPow3 on testPow3(AdvanceFunctionsTest)" classname="AdvanceFunctionsTest" time="0.016"/>
  <testcase name="testSin1 on testSin1(AdvanceFunctionsTest)" classname="AdvanceFunctionsTest" time="0.01"/>
  <testcase name="testSin2 on testSin2(AdvanceFunctionsTest)" classname="AdvanceFunctionsTest" time="0.01"/>
  <testcase name="testSin3 on testSin3(AdvanceFunctionsTest)" classname="AdvanceFunctionsTest" time="0.001"/>
  <testcase name="testTan1 on testTan1(AdvanceFunctionsTest)" classname="AdvanceFunctionsTest" time="0.032"/>
  <testcase name="testTan2 on testTan2(AdvanceFunctionsTest)" classname="AdvanceFunctionsTest" time="0.009"/>
  <testcase name="testTan3 on testTan3(AdvanceFunctionsTest)" classname="AdvanceFunctionsTest" time="0"/>
  <testcase name="testSquareRoot1 on testSquareRoot1(AdvanceFunctionsTest)" classname="AdvanceFunctionsTest" time="0.009"/>
  <testcase name="testSquareRoot2 on testSquareRoot2(AdvanceFunctionsTest)" classname="AdvanceFunctionsTest" time="0.007"/>
  <testcase name="testSquareRoot3 on testSquareRoot3(AdvanceFunctionsTest)" classname="AdvanceFunctionsTest" time="0.001"/>
</testsuite>